<?xml version="1.0" encoding="UTF-8"?>
<testng-results ignored="0" total="10" passed="9" failed="1" skipped="0">
  <reporter-output>
    <line>
      <![CDATA[open ]]>
    </line>
    <line>
      <![CDATA[open browser]]>
    </line>
    <line>
      <![CDATA[Login]]>
    </line>
    <line>
      <![CDATA[editcustomer]]>
    </line>
    <line>
      <![CDATA[Logout]]>
    </line>
    <line>
      <![CDATA[Login]]>
    </line>
    <line>
      <![CDATA[registercustomer]]>
    </line>
    <line>
      <![CDATA[Logout]]>
    </line>
    <line>
      <![CDATA[Login]]>
    </line>
    <line>
      <![CDATA[createcustomer]]>
    </line>
    <line>
      <![CDATA[Logout]]>
    </line>
    <line>
      <![CDATA[Login]]>
    </line>
    <line>
      <![CDATA[deletecustomer]]>
    </line>
    <line>
      <![CDATA[Logout]]>
    </line>
    <line>
      <![CDATA[close browser]]>
    </line>
    <line>
      <![CDATA[close ]]>
    </line>
  </reporter-output>
  <suite started-at="2022-10-09T17:34:34 IST" name="Suite" finished-at="2022-10-09T17:35:20 IST" duration-ms="46346">
    <groups>
      <group name="group2">
        <method signature="test1.test()[pri:0, instance:groupandbatch.test1@1a451d4d]" name="test" class="groupandbatch.test1"/>
        <method signature="test1.test3()[pri:0, instance:groupandbatch.test1@1a451d4d]" name="test3" class="groupandbatch.test1"/>
      </group> <!-- group2 -->
      <group name="group1">
        <method signature="test1.test()[pri:0, instance:groupandbatch.test1@1a451d4d]" name="test" class="groupandbatch.test1"/>
        <method signature="test1.test2()[pri:0, instance:groupandbatch.test1@1a451d4d]" name="test2" class="groupandbatch.test1"/>
      </group> <!-- group1 -->
    </groups>
    <test started-at="2022-10-09T17:34:34 IST" name="Test" finished-at="2022-10-09T17:35:20 IST" duration-ms="46346">
      <class name="pack.testt">
        <test-method is-config="true" signature="open()[pri:0, instance:pack.testt@52e6fdee]" started-at="2022-10-09T17:34:34 IST" name="open" finished-at="2022-10-09T17:34:34 IST" duration-ms="15" status="PASS">
          <reporter-output>
            <line>
              <![CDATA[open ]]>
            </line>
          </reporter-output>
        </test-method> <!-- open -->
        <test-method is-config="true" signature="openbr()[pri:0, instance:pack.testt@52e6fdee]" started-at="2022-10-09T17:34:45 IST" name="openbr" finished-at="2022-10-09T17:34:45 IST" duration-ms="0" status="PASS">
          <reporter-output>
            <line>
              <![CDATA[open browser]]>
            </line>
          </reporter-output>
        </test-method> <!-- openbr -->
        <test-method is-config="true" signature="login()[pri:0, instance:pack.testt@52e6fdee]" started-at="2022-10-09T17:34:45 IST" name="login" finished-at="2022-10-09T17:34:45 IST" duration-ms="0" status="PASS">
          <reporter-output>
            <line>
              <![CDATA[Login]]>
            </line>
          </reporter-output>
        </test-method> <!-- login -->
        <test-method signature="editcustomer()[pri:0, instance:pack.testt@52e6fdee]" started-at="2022-10-09T17:34:45 IST" name="editcustomer" finished-at="2022-10-09T17:34:45 IST" duration-ms="4" status="PASS">
          <reporter-output>
            <line>
              <![CDATA[editcustomer]]>
            </line>
          </reporter-output>
        </test-method> <!-- editcustomer -->
        <test-method is-config="true" signature="logout()[pri:0, instance:pack.testt@52e6fdee]" started-at="2022-10-09T17:34:45 IST" name="logout" finished-at="2022-10-09T17:34:45 IST" duration-ms="0" status="PASS">
          <reporter-output>
            <line>
              <![CDATA[Logout]]>
            </line>
          </reporter-output>
        </test-method> <!-- logout -->
        <test-method is-config="true" signature="login()[pri:0, instance:pack.testt@52e6fdee]" started-at="2022-10-09T17:34:45 IST" name="login" finished-at="2022-10-09T17:34:45 IST" duration-ms="0" status="PASS">
          <reporter-output>
            <line>
              <![CDATA[Login]]>
            </line>
          </reporter-output>
        </test-method> <!-- login -->
        <test-method signature="registercustomer()[pri:0, instance:pack.testt@52e6fdee]" started-at="2022-10-09T17:34:45 IST" name="registercustomer" finished-at="2022-10-09T17:34:45 IST" duration-ms="1" status="PASS">
          <reporter-output>
            <line>
              <![CDATA[registercustomer]]>
            </line>
          </reporter-output>
        </test-method> <!-- registercustomer -->
        <test-method is-config="true" signature="logout()[pri:0, instance:pack.testt@52e6fdee]" started-at="2022-10-09T17:34:45 IST" name="logout" finished-at="2022-10-09T17:34:45 IST" duration-ms="0" status="PASS">
          <reporter-output>
            <line>
              <![CDATA[Logout]]>
            </line>
          </reporter-output>
        </test-method> <!-- logout -->
        <test-method is-config="true" signature="login()[pri:0, instance:pack.testt@52e6fdee]" started-at="2022-10-09T17:34:45 IST" name="login" finished-at="2022-10-09T17:34:45 IST" duration-ms="0" status="PASS">
          <reporter-output>
            <line>
              <![CDATA[Login]]>
            </line>
          </reporter-output>
        </test-method> <!-- login -->
        <test-method signature="createcustomer()[pri:1, instance:pack.testt@52e6fdee]" started-at="2022-10-09T17:34:45 IST" name="createcustomer" finished-at="2022-10-09T17:34:45 IST" duration-ms="1" status="PASS">
          <reporter-output>
            <line>
              <![CDATA[createcustomer]]>
            </line>
          </reporter-output>
        </test-method> <!-- createcustomer -->
        <test-method is-config="true" signature="logout()[pri:0, instance:pack.testt@52e6fdee]" started-at="2022-10-09T17:34:45 IST" name="logout" finished-at="2022-10-09T17:34:45 IST" duration-ms="1" status="PASS">
          <reporter-output>
            <line>
              <![CDATA[Logout]]>
            </line>
          </reporter-output>
        </test-method> <!-- logout -->
        <test-method signature="deletecustomer()[pri:1, instance:pack.testt@52e6fdee]" started-at="2022-10-09T17:34:45 IST" name="deletecustomer" finished-at="2022-10-09T17:34:45 IST" duration-ms="1" status="PASS">
          <reporter-output>
            <line>
              <![CDATA[deletecustomer]]>
            </line>
          </reporter-output>
        </test-method> <!-- deletecustomer -->
        <test-method is-config="true" signature="login()[pri:0, instance:pack.testt@52e6fdee]" started-at="2022-10-09T17:34:45 IST" name="login" finished-at="2022-10-09T17:34:45 IST" duration-ms="0" status="PASS">
          <reporter-output>
            <line>
              <![CDATA[Login]]>
            </line>
          </reporter-output>
        </test-method> <!-- login -->
        <test-method is-config="true" signature="logout()[pri:0, instance:pack.testt@52e6fdee]" started-at="2022-10-09T17:34:45 IST" name="logout" finished-at="2022-10-09T17:34:45 IST" duration-ms="1" status="PASS">
          <reporter-output>
            <line>
              <![CDATA[Logout]]>
            </line>
          </reporter-output>
        </test-method> <!-- logout -->
        <test-method is-config="true" signature="closebr()[pri:0, instance:pack.testt@52e6fdee]" started-at="2022-10-09T17:34:45 IST" name="closebr" finished-at="2022-10-09T17:34:45 IST" duration-ms="0" status="PASS">
          <reporter-output>
            <line>
              <![CDATA[close browser]]>
            </line>
          </reporter-output>
        </test-method> <!-- closebr -->
        <test-method is-config="true" signature="close()[pri:0, instance:pack.testt@52e6fdee]" started-at="2022-10-09T17:35:20 IST" name="close" finished-at="2022-10-09T17:35:20 IST" duration-ms="1" status="PASS">
          <reporter-output>
            <line>
              <![CDATA[close ]]>
            </line>
          </reporter-output>
        </test-method> <!-- close -->
      </class> <!-- pack.testt -->
      <class name="dataprovider.property">
        <test-method signature="tt(java.lang.String,java.lang.String,java.lang.String)[pri:0, instance:dataprovider.property@39529185]" started-at="2022-10-09T17:34:34 IST" name="tt" data-provider="com" finished-at="2022-10-09T17:34:45 IST" duration-ms="11197" status="PASS">
          <params>
            <param index="0">
              <value>
                <![CDATA[https://demo.actitime.com/login.do]]>
              </value>
            </param>
            <param index="1">
              <value>
                <![CDATA[admin]]>
              </value>
            </param>
            <param index="2">
              <value>
                <![CDATA[manager]]>
              </value>
            </param>
          </params>
          <reporter-output>
          </reporter-output>
        </test-method> <!-- tt -->
      </class> <!-- dataprovider.property -->
      <class name="dataprovider.testdata">
        <test-method signature="testdat()[pri:0, instance:dataprovider.testdata@7fa98a66]" started-at="2022-10-09T17:34:45 IST" name="testdat" finished-at="2022-10-09T17:35:04 IST" duration-ms="19022" status="FAIL">
          <exception class="org.openqa.selenium.ElementClickInterceptedException">
            <message>
              <![CDATA[element click intercepted: Element <div id="container_tasks"></div> is not clickable at point (710, 45). Other element would receive the click: <div id="preInsertedTransformedMoireId" class="transformedMoireClass" style="transition: opacity 600ms ease-in-out 0s; opacity: 0;"></div>
  (Session info: chrome=106.0.5249.103)
Build info: version: '3.141.59', revision: 'e82be7d358', time: '2018-11-14T08:17:03'
System info: host: 'DESKTOP-9GSDD85', ip: '192.168.233.1', os.name: 'Windows 10', os.arch: 'amd64', os.version: '10.0', java.version: '17.0.1'
Driver info: org.openqa.selenium.chrome.ChromeDriver
Capabilities {acceptInsecureCerts: false, browserName: chrome, browserVersion: 106.0.5249.103, chrome: {chromedriverVersion: 106.0.5249.61 (511755355844..., userDataDir: C:\Users\kalam\AppData\Loca...}, goog:chromeOptions: {debuggerAddress: localhost:62471}, javascriptEnabled: true, networkConnectionEnabled: false, pageLoadStrategy: normal, platform: WINDOWS, platformName: WINDOWS, proxy: Proxy(), setWindowRect: true, strictFileInteractability: false, timeouts: {implicit: 0, pageLoad: 300000, script: 30000}, unhandledPromptBehavior: dismiss and notify, webauthn:extension:credBlob: true, webauthn:extension:largeBlob: true, webauthn:virtualAuthenticators: true}
Session ID: 1466c2ba293c287d2943c55fe13ad34e]]>
            </message>
            <full-stacktrace>
              <![CDATA[org.openqa.selenium.ElementClickInterceptedException: element click intercepted: Element <div id="container_tasks"></div> is not clickable at point (710, 45). Other element would receive the click: <div id="preInsertedTransformedMoireId" class="transformedMoireClass" style="transition: opacity 600ms ease-in-out 0s; opacity: 0;"></div>
  (Session info: chrome=106.0.5249.103)
Build info: version: '3.141.59', revision: 'e82be7d358', time: '2018-11-14T08:17:03'
System info: host: 'DESKTOP-9GSDD85', ip: '192.168.233.1', os.name: 'Windows 10', os.arch: 'amd64', os.version: '10.0', java.version: '17.0.1'
Driver info: org.openqa.selenium.chrome.ChromeDriver
Capabilities {acceptInsecureCerts: false, browserName: chrome, browserVersion: 106.0.5249.103, chrome: {chromedriverVersion: 106.0.5249.61 (511755355844..., userDataDir: C:\Users\kalam\AppData\Loca...}, goog:chromeOptions: {debuggerAddress: localhost:62471}, javascriptEnabled: true, networkConnectionEnabled: false, pageLoadStrategy: normal, platform: WINDOWS, platformName: WINDOWS, proxy: Proxy(), setWindowRect: true, strictFileInteractability: false, timeouts: {implicit: 0, pageLoad: 300000, script: 30000}, unhandledPromptBehavior: dismiss and notify, webauthn:extension:credBlob: true, webauthn:extension:largeBlob: true, webauthn:virtualAuthenticators: true}
Session ID: 1466c2ba293c287d2943c55fe13ad34e
at java.base/jdk.internal.reflect.NativeConstructorAccessorImpl.newInstance0(Native Method)
at java.base/jdk.internal.reflect.NativeConstructorAccessorImpl.newInstance(NativeConstructorAccessorImpl.java:77)
at java.base/jdk.internal.reflect.DelegatingConstructorAccessorImpl.newInstance(DelegatingConstructorAccessorImpl.java:45)
at java.base/java.lang.reflect.Constructor.newInstanceWithCaller(Constructor.java:499)
at java.base/java.lang.reflect.Constructor.newInstance(Constructor.java:480)
at org.openqa.selenium.remote.http.W3CHttpResponseCodec.createException(W3CHttpResponseCodec.java:187)
at org.openqa.selenium.remote.http.W3CHttpResponseCodec.decode(W3CHttpResponseCodec.java:122)
at org.openqa.selenium.remote.http.W3CHttpResponseCodec.decode(W3CHttpResponseCodec.java:49)
at org.openqa.selenium.remote.HttpCommandExecutor.execute(HttpCommandExecutor.java:158)
at org.openqa.selenium.remote.service.DriverCommandExecutor.execute(DriverCommandExecutor.java:83)
at org.openqa.selenium.remote.RemoteWebDriver.execute(RemoteWebDriver.java:552)
at org.openqa.selenium.remote.RemoteWebElement.execute(RemoteWebElement.java:285)
at org.openqa.selenium.remote.RemoteWebElement.click(RemoteWebElement.java:84)
at dataprovider.testdata.testdat(testdata.java:35)
at java.base/jdk.internal.reflect.NativeMethodAccessorImpl.invoke0(Native Method)
at java.base/jdk.internal.reflect.NativeMethodAccessorImpl.invoke(NativeMethodAccessorImpl.java:77)
at java.base/jdk.internal.reflect.DelegatingMethodAccessorImpl.invoke(DelegatingMethodAccessorImpl.java:43)
at java.base/java.lang.reflect.Method.invoke(Method.java:568)
at org.testng.internal.MethodInvocationHelper.invokeMethod(MethodInvocationHelper.java:133)
at org.testng.internal.TestInvoker.invokeMethod(TestInvoker.java:598)
at org.testng.internal.TestInvoker.invokeTestMethod(TestInvoker.java:173)
at org.testng.internal.MethodRunner.runInSequence(MethodRunner.java:46)
at org.testng.internal.TestInvoker$MethodInvocationAgent.invoke(TestInvoker.java:824)
at org.testng.internal.TestInvoker.invokeTestMethods(TestInvoker.java:146)
at org.testng.internal.TestMethodWorker.invokeTestMethods(TestMethodWorker.java:146)
at org.testng.internal.TestMethodWorker.run(TestMethodWorker.java:128)
at java.base/java.util.ArrayList.forEach(ArrayList.java:1511)
at org.testng.TestRunner.privateRun(TestRunner.java:794)
at org.testng.TestRunner.run(TestRunner.java:596)
at org.testng.SuiteRunner.runTest(SuiteRunner.java:377)
at org.testng.SuiteRunner.runSequentially(SuiteRunner.java:371)
at org.testng.SuiteRunner.privateRun(SuiteRunner.java:332)
at org.testng.SuiteRunner.run(SuiteRunner.java:276)
at org.testng.SuiteRunnerWorker.runSuite(SuiteRunnerWorker.java:53)
at org.testng.SuiteRunnerWorker.run(SuiteRunnerWorker.java:96)
at org.testng.TestNG.runSuitesSequentially(TestNG.java:1212)
at org.testng.TestNG.runSuitesLocally(TestNG.java:1134)
at org.testng.TestNG.runSuites(TestNG.java:1063)
at org.testng.TestNG.run(TestNG.java:1031)
at org.testng.remote.AbstractRemoteTestNG.run(AbstractRemoteTestNG.java:115)
at org.testng.remote.RemoteTestNG.initAndRun(RemoteTestNG.java:251)
at org.testng.remote.RemoteTestNG.main(RemoteTestNG.java:77)
]]>
            </full-stacktrace>
          </exception> <!-- org.openqa.selenium.ElementClickInterceptedException -->
          <reporter-output>
          </reporter-output>
        </test-method> <!-- testdat -->
      </class> <!-- dataprovider.testdata -->
      <class name="groupandbatch.test1">
        <test-method signature="test()[pri:0, instance:groupandbatch.test1@1a451d4d]" started-at="2022-10-09T17:34:45 IST" name="test" finished-at="2022-10-09T17:34:45 IST" duration-ms="1" status="PASS">
          <reporter-output>
          </reporter-output>
        </test-method> <!-- test -->
        <test-method signature="test2()[pri:0, instance:groupandbatch.test1@1a451d4d]" started-at="2022-10-09T17:34:45 IST" name="test2" finished-at="2022-10-09T17:34:45 IST" duration-ms="1" status="PASS">
          <reporter-output>
          </reporter-output>
        </test-method> <!-- test2 -->
        <test-method signature="test3()[pri:0, instance:groupandbatch.test1@1a451d4d]" started-at="2022-10-09T17:34:45 IST" name="test3" finished-at="2022-10-09T17:34:45 IST" duration-ms="1" status="PASS">
          <reporter-output>
          </reporter-output>
        </test-method> <!-- test3 -->
      </class> <!-- groupandbatch.test1 -->
      <class name="dataprovider.data">
        <test-method signature="tt(java.lang.String,java.lang.String)[pri:0, instance:dataprovider.data@32eff876]" started-at="2022-10-09T17:35:04 IST" name="tt" data-provider="auth" finished-at="2022-10-09T17:35:20 IST" duration-ms="16000" status="PASS">
          <params>
            <param index="0">
              <value>
                <![CDATA[admin]]>
              </value>
            </param>
            <param index="1">
              <value>
                <![CDATA[manager]]>
              </value>
            </param>
          </params>
          <reporter-output>
          </reporter-output>
        </test-method> <!-- tt -->
      </class> <!-- dataprovider.data -->
    </test> <!-- Test -->
  </suite> <!-- Suite -->
</testng-results>
